<?xml version="1.0" encoding="UTF-8"?>
<!-- Generated by org.testng.reporters.JUnitXMLReporter -->
<testsuite ignored="0" hostname="KVM469-" failures="1" tests="17" name="Testsample" time="54.379" errors="0" timestamp="09 Jun 2019 19:39:58 GMT">
  <testcase classname="NaveenPOM.testcases.testcasedeploymentpartone" name="@AfterMethod snapshotuponerror" time="0.031">
    <failure type="org.openqa.selenium.NoSuchWindowException" message="no such window: target window already closed
from unknown error: web view not found
  (Session info: chrome=74.0.3729.169)
  (Driver info: chromedriver=72.0.3626.69 (3c16f8a135abc0d4da2dff33804db79b849a7c38),platform=Windows NT 6.1.7601 SP1 x86_64) (WARNING: The server did not provide any stacktrace information)
Command duration or timeout: 0 milliseconds
Build info: version: &amp;apos;3.141.59&amp;apos;, revision: &amp;apos;e82be7d358&amp;apos;, time: &amp;apos;2018-11-14T08:25:48&amp;apos;
System info: host: &amp;apos;KVM469-&amp;apos;, ip: &amp;apos;192.168.122.203&amp;apos;, os.name: &amp;apos;Windows 7&amp;apos;, os.arch: &amp;apos;amd64&amp;apos;, os.version: &amp;apos;6.1&amp;apos;, java.version: &amp;apos;11.0.2&amp;apos;
Driver info: org.openqa.selenium.chrome.ChromeDriver
Capabilities {acceptInsecureCerts: false, acceptSslCerts: false, applicationCacheEnabled: false, browserConnectionEnabled: false, browserName: chrome, chrome: {chromedriverVersion: 72.0.3626.69 (3c16f8a135abc..., userDataDir: C:\Users\IBM_AD~1\AppData\L...}, cssSelectorsEnabled: true, databaseEnabled: false, goog:chromeOptions: {debuggerAddress: localhost:49736}, handlesAlerts: true, hasTouchScreen: false, javascriptEnabled: true, locationContextEnabled: true, mobileEmulationEnabled: false, nativeEvents: true, networkConnectionEnabled: false, pageLoadStrategy: normal, platform: XP, platformName: XP, proxy: Proxy(), rotatable: false, setWindowRect: true, takesHeapSnapshot: true, takesScreenshot: true, timeouts: {implicit: 0, pageLoad: 300000, script: 30000}, unexpectedAlertBehaviour: ignore, unhandledPromptBehavior: ignore, version: 74.0.3729.169, webStorageEnabled: true}
Session ID: 2bb09ba3aec4acd1c720be80371902a3">
      <![CDATA[org.openqa.selenium.NoSuchWindowException: no such window: target window already closed
from unknown error: web view not found
  (Session info: chrome=74.0.3729.169)
  (Driver info: chromedriver=72.0.3626.69 (3c16f8a135abc0d4da2dff33804db79b849a7c38),platform=Windows NT 6.1.7601 SP1 x86_64) (WARNING: The server did not provide any stacktrace information)
Command duration or timeout: 0 milliseconds
Build info: version: '3.141.59', revision: 'e82be7d358', time: '2018-11-14T08:25:48'
System info: host: 'KVM469-', ip: '192.168.122.203', os.name: 'Windows 7', os.arch: 'amd64', os.version: '6.1', java.version: '11.0.2'
Driver info: org.openqa.selenium.chrome.ChromeDriver
Capabilities {acceptInsecureCerts: false, acceptSslCerts: false, applicationCacheEnabled: false, browserConnectionEnabled: false, browserName: chrome, chrome: {chromedriverVersion: 72.0.3626.69 (3c16f8a135abc..., userDataDir: C:\Users\IBM_AD~1\AppData\L...}, cssSelectorsEnabled: true, databaseEnabled: false, goog:chromeOptions: {debuggerAddress: localhost:49736}, handlesAlerts: true, hasTouchScreen: false, javascriptEnabled: true, locationContextEnabled: true, mobileEmulationEnabled: false, nativeEvents: true, networkConnectionEnabled: false, pageLoadStrategy: normal, platform: XP, platformName: XP, proxy: Proxy(), rotatable: false, setWindowRect: true, takesHeapSnapshot: true, takesScreenshot: true, timeouts: {implicit: 0, pageLoad: 300000, script: 30000}, unexpectedAlertBehaviour: ignore, unhandledPromptBehavior: ignore, version: 74.0.3729.169, webStorageEnabled: true}
Session ID: 2bb09ba3aec4acd1c720be80371902a3
at org.openqa.selenium.remote.ErrorHandler.createThrowable(ErrorHandler.java:214)
at org.openqa.selenium.remote.ErrorHandler.throwIfResponseFailed(ErrorHandler.java:166)
at org.openqa.selenium.remote.http.JsonHttpResponseCodec.reconstructValue(JsonHttpResponseCodec.java:40)
at org.openqa.selenium.remote.http.AbstractHttpResponseCodec.decode(AbstractHttpResponseCodec.java:80)
at org.openqa.selenium.remote.http.AbstractHttpResponseCodec.decode(AbstractHttpResponseCodec.java:44)
at org.openqa.selenium.remote.HttpCommandExecutor.execute(HttpCommandExecutor.java:158)
at org.openqa.selenium.remote.service.DriverCommandExecutor.execute(DriverCommandExecutor.java:83)
at org.openqa.selenium.remote.RemoteWebDriver.execute(RemoteWebDriver.java:552)
at org.openqa.selenium.remote.RemoteWebDriver.execute(RemoteWebDriver.java:609)
at org.openqa.selenium.remote.RemoteWebDriver.getScreenshotAs(RemoteWebDriver.java:295)
at NaveenPOM.baseactions.snapshotandgetprop.takeSnapshot(snapshotandgetprop.java:21)
at NaveenPOM.testcases.testcasedeploymentpartone.snapshotuponerror(testcasedeploymentpartone.java:97)
at java.base/java.util.concurrent.ThreadPoolExecutor.runWorker(ThreadPoolExecutor.java:1128)
at java.base/java.util.concurrent.ThreadPoolExecutor$Worker.run(ThreadPoolExecutor.java:628)
at java.base/java.lang.Thread.run(Thread.java:834)
... Removed 17 stack frames]]>
    </failure>
  </testcase> <!-- @AfterMethod snapshotuponerror -->
  <testcase classname="NaveenPOM.testcases.testcasedeploymenttwo" name="@BeforeClass startbrowser" time="24.041">
    <failure type="org.openqa.selenium.WebDriverException" message="chrome not reachable
  (Session info: chrome=74.0.3729.169)
  (Driver info: chromedriver=72.0.3626.69 (3c16f8a135abc0d4da2dff33804db79b849a7c38),platform=Windows NT 6.1.7601 SP1 x86_64) (WARNING: The server did not provide any stacktrace information)
Command duration or timeout: 0 milliseconds
Build info: version: &amp;apos;3.141.59&amp;apos;, revision: &amp;apos;e82be7d358&amp;apos;, time: &amp;apos;2018-11-14T08:25:48&amp;apos;
System info: host: &amp;apos;KVM469-&amp;apos;, ip: &amp;apos;192.168.122.203&amp;apos;, os.name: &amp;apos;Windows 7&amp;apos;, os.arch: &amp;apos;amd64&amp;apos;, os.version: &amp;apos;6.1&amp;apos;, java.version: &amp;apos;11.0.2&amp;apos;
Driver info: org.openqa.selenium.chrome.ChromeDriver
Capabilities {acceptInsecureCerts: false, acceptSslCerts: false, applicationCacheEnabled: false, browserConnectionEnabled: false, browserName: chrome, chrome: {chromedriverVersion: 72.0.3626.69 (3c16f8a135abc..., userDataDir: C:\Users\IBM_AD~1\AppData\L...}, cssSelectorsEnabled: true, databaseEnabled: false, goog:chromeOptions: {debuggerAddress: localhost:49762}, handlesAlerts: true, hasTouchScreen: false, javascriptEnabled: true, locationContextEnabled: true, mobileEmulationEnabled: false, nativeEvents: true, networkConnectionEnabled: false, pageLoadStrategy: normal, platform: XP, platformName: XP, proxy: Proxy(), rotatable: false, setWindowRect: true, takesHeapSnapshot: true, takesScreenshot: true, timeouts: {implicit: 0, pageLoad: 300000, script: 30000}, unexpectedAlertBehaviour: ignore, unhandledPromptBehavior: ignore, version: 74.0.3729.169, webStorageEnabled: true}
Session ID: 15d6615f4149b4c90dde0aca4d0de56b">
      <![CDATA[org.openqa.selenium.WebDriverException: chrome not reachable
  (Session info: chrome=74.0.3729.169)
  (Driver info: chromedriver=72.0.3626.69 (3c16f8a135abc0d4da2dff33804db79b849a7c38),platform=Windows NT 6.1.7601 SP1 x86_64) (WARNING: The server did not provide any stacktrace information)
Command duration or timeout: 0 milliseconds
Build info: version: '3.141.59', revision: 'e82be7d358', time: '2018-11-14T08:25:48'
System info: host: 'KVM469-', ip: '192.168.122.203', os.name: 'Windows 7', os.arch: 'amd64', os.version: '6.1', java.version: '11.0.2'
Driver info: org.openqa.selenium.chrome.ChromeDriver
Capabilities {acceptInsecureCerts: false, acceptSslCerts: false, applicationCacheEnabled: false, browserConnectionEnabled: false, browserName: chrome, chrome: {chromedriverVersion: 72.0.3626.69 (3c16f8a135abc..., userDataDir: C:\Users\IBM_AD~1\AppData\L...}, cssSelectorsEnabled: true, databaseEnabled: false, goog:chromeOptions: {debuggerAddress: localhost:49762}, handlesAlerts: true, hasTouchScreen: false, javascriptEnabled: true, locationContextEnabled: true, mobileEmulationEnabled: false, nativeEvents: true, networkConnectionEnabled: false, pageLoadStrategy: normal, platform: XP, platformName: XP, proxy: Proxy(), rotatable: false, setWindowRect: true, takesHeapSnapshot: true, takesScreenshot: true, timeouts: {implicit: 0, pageLoad: 300000, script: 30000}, unexpectedAlertBehaviour: ignore, unhandledPromptBehavior: ignore, version: 74.0.3729.169, webStorageEnabled: true}
Session ID: 15d6615f4149b4c90dde0aca4d0de56b
at org.openqa.selenium.remote.ErrorHandler.createThrowable(ErrorHandler.java:214)
at org.openqa.selenium.remote.ErrorHandler.throwIfResponseFailed(ErrorHandler.java:166)
at org.openqa.selenium.remote.http.JsonHttpResponseCodec.reconstructValue(JsonHttpResponseCodec.java:40)
at org.openqa.selenium.remote.http.AbstractHttpResponseCodec.decode(AbstractHttpResponseCodec.java:80)
at org.openqa.selenium.remote.http.AbstractHttpResponseCodec.decode(AbstractHttpResponseCodec.java:44)
at org.openqa.selenium.remote.HttpCommandExecutor.execute(HttpCommandExecutor.java:158)
at org.openqa.selenium.remote.service.DriverCommandExecutor.execute(DriverCommandExecutor.java:83)
at org.openqa.selenium.remote.RemoteWebDriver.execute(RemoteWebDriver.java:552)
at org.openqa.selenium.remote.RemoteWebDriver.execute(RemoteWebDriver.java:609)
at org.openqa.selenium.remote.RemoteWebDriver$RemoteWebDriverOptions$RemoteWindow.maximize(RemoteWebDriver.java:837)
at NaveenPOM.baseactions.browserbase.launch(browserbase.java:24)
at NaveenPOM.testcases.testcasedeploymenttwo.startbrowser(testcasedeploymenttwo.java:40)
at java.base/java.util.concurrent.ThreadPoolExecutor.runWorker(ThreadPoolExecutor.java:1128)
at java.base/java.util.concurrent.ThreadPoolExecutor$Worker.run(ThreadPoolExecutor.java:628)
at java.base/java.lang.Thread.run(Thread.java:834)
... Removed 15 stack frames]]>
    </failure>
  </testcase> <!-- @BeforeClass startbrowser -->
  <testcase classname="NaveenPOM.testcases.testcasedeploymenttwo" name="@AfterMethod snapshotuponerror" time="0.0">
    <skipped/>
  </testcase> <!-- @AfterMethod snapshotuponerror -->
  <testcase classname="NaveenPOM.testcases.testcasedeploymentpartone" name="@AfterMethod snapshotuponerror" time="0.0">
    <skipped/>
  </testcase> <!-- @AfterMethod snapshotuponerror -->
  <testcase classname="NaveenPOM.testcases.testcasedeploymenttwo" name="@AfterMethod snapshotuponerror" time="0.0">
    <skipped/>
  </testcase> <!-- @AfterMethod snapshotuponerror -->
  <testcase classname="NaveenPOM.testcases.testcasedeploymentpartone" name="@AfterMethod snapshotuponerror" time="0.0">
    <skipped/>
  </testcase> <!-- @AfterMethod snapshotuponerror -->
  <testcase classname="NaveenPOM.testcases.testcasedeploymentpartone" name="@AfterClass closebrowser" time="0.0">
    <skipped/>
  </testcase> <!-- @AfterClass closebrowser -->
  <testcase classname="NaveenPOM.testcases.testcasedeploymenttwo" name="@AfterMethod snapshotuponerror" time="0.0">
    <skipped/>
  </testcase> <!-- @AfterMethod snapshotuponerror -->
  <testcase classname="NaveenPOM.testcases.testcasedeploymenttwo" name="@AfterMethod snapshotuponerror" time="0.0">
    <skipped/>
  </testcase> <!-- @AfterMethod snapshotuponerror -->
  <testcase classname="NaveenPOM.testcases.testcasedeploymenttwo" name="@AfterMethod snapshotuponerror" time="0.0">
    <skipped/>
  </testcase> <!-- @AfterMethod snapshotuponerror -->
  <testcase classname="NaveenPOM.testcases.testcasedeploymenttwo" name="@AfterMethod snapshotuponerror" time="0.0">
    <skipped/>
  </testcase> <!-- @AfterMethod snapshotuponerror -->
  <testcase classname="NaveenPOM.testcases.testcasedeploymenttwo" name="@AfterMethod snapshotuponerror" time="0.0">
    <skipped/>
  </testcase> <!-- @AfterMethod snapshotuponerror -->
  <testcase classname="NaveenPOM.testcases.testcasedeploymenttwo" name="@AfterMethod snapshotuponerror" time="0.0">
    <skipped/>
  </testcase> <!-- @AfterMethod snapshotuponerror -->
  <testcase classname="NaveenPOM.testcases.testcasedeploymenttwo" name="@AfterMethod snapshotuponerror" time="0.0">
    <skipped/>
  </testcase> <!-- @AfterMethod snapshotuponerror -->
  <testcase classname="NaveenPOM.testcases.testcasedeploymenttwo" name="@AfterMethod snapshotuponerror" time="0.0">
    <skipped/>
  </testcase> <!-- @AfterMethod snapshotuponerror -->
  <testcase classname="NaveenPOM.testcases.testcasedeploymenttwo" name="@AfterMethod snapshotuponerror" time="0.0">
    <skipped/>
  </testcase> <!-- @AfterMethod snapshotuponerror -->
  <testcase classname="NaveenPOM.testcases.testcasedeploymenttwo" name="@AfterMethod snapshotuponerror" time="0.0">
    <skipped/>
  </testcase> <!-- @AfterMethod snapshotuponerror -->
  <testcase classname="NaveenPOM.testcases.testcasedeploymenttwo" name="@AfterMethod snapshotuponerror" time="0.0">
    <skipped/>
  </testcase> <!-- @AfterMethod snapshotuponerror -->
  <testcase classname="NaveenPOM.testcases.testcasedeploymenttwo" name="@AfterMethod snapshotuponerror" time="0.0">
    <skipped/>
  </testcase> <!-- @AfterMethod snapshotuponerror -->
  <testcase classname="NaveenPOM.testcases.testcasedeploymenttwo" name="@AfterClass closebrowser" time="0.0">
    <skipped/>
  </testcase> <!-- @AfterClass closebrowser -->
  <testcase classname="NaveenPOM.testcases.testcasedeploymentpartone" name="Login" time="2.304">
    <failure type="org.openqa.selenium.NoSuchWindowException" message="no such window: target window already closed
from unknown error: web view not found
  (Session info: chrome=74.0.3729.169)
  (Driver info: chromedriver=72.0.3626.69 (3c16f8a135abc0d4da2dff33804db79b849a7c38),platform=Windows NT 6.1.7601 SP1 x86_64) (WARNING: The server did not provide any stacktrace information)
Command duration or timeout: 0 milliseconds
Build info: version: &amp;apos;3.141.59&amp;apos;, revision: &amp;apos;e82be7d358&amp;apos;, time: &amp;apos;2018-11-14T08:25:48&amp;apos;
System info: host: &amp;apos;KVM469-&amp;apos;, ip: &amp;apos;192.168.122.203&amp;apos;, os.name: &amp;apos;Windows 7&amp;apos;, os.arch: &amp;apos;amd64&amp;apos;, os.version: &amp;apos;6.1&amp;apos;, java.version: &amp;apos;11.0.2&amp;apos;
Driver info: org.openqa.selenium.chrome.ChromeDriver
Capabilities {acceptInsecureCerts: false, acceptSslCerts: false, applicationCacheEnabled: false, browserConnectionEnabled: false, browserName: chrome, chrome: {chromedriverVersion: 72.0.3626.69 (3c16f8a135abc..., userDataDir: C:\Users\IBM_AD~1\AppData\L...}, cssSelectorsEnabled: true, databaseEnabled: false, goog:chromeOptions: {debuggerAddress: localhost:49736}, handlesAlerts: true, hasTouchScreen: false, javascriptEnabled: true, locationContextEnabled: true, mobileEmulationEnabled: false, nativeEvents: true, networkConnectionEnabled: false, pageLoadStrategy: normal, platform: XP, platformName: XP, proxy: Proxy(), rotatable: false, setWindowRect: true, takesHeapSnapshot: true, takesScreenshot: true, timeouts: {implicit: 0, pageLoad: 300000, script: 30000}, unexpectedAlertBehaviour: ignore, unhandledPromptBehavior: ignore, version: 74.0.3729.169, webStorageEnabled: true}
Session ID: 2bb09ba3aec4acd1c720be80371902a3">
      <![CDATA[org.openqa.selenium.NoSuchWindowException: no such window: target window already closed
from unknown error: web view not found
  (Session info: chrome=74.0.3729.169)
  (Driver info: chromedriver=72.0.3626.69 (3c16f8a135abc0d4da2dff33804db79b849a7c38),platform=Windows NT 6.1.7601 SP1 x86_64) (WARNING: The server did not provide any stacktrace information)
Command duration or timeout: 0 milliseconds
Build info: version: '3.141.59', revision: 'e82be7d358', time: '2018-11-14T08:25:48'
System info: host: 'KVM469-', ip: '192.168.122.203', os.name: 'Windows 7', os.arch: 'amd64', os.version: '6.1', java.version: '11.0.2'
Driver info: org.openqa.selenium.chrome.ChromeDriver
Capabilities {acceptInsecureCerts: false, acceptSslCerts: false, applicationCacheEnabled: false, browserConnectionEnabled: false, browserName: chrome, chrome: {chromedriverVersion: 72.0.3626.69 (3c16f8a135abc..., userDataDir: C:\Users\IBM_AD~1\AppData\L...}, cssSelectorsEnabled: true, databaseEnabled: false, goog:chromeOptions: {debuggerAddress: localhost:49736}, handlesAlerts: true, hasTouchScreen: false, javascriptEnabled: true, locationContextEnabled: true, mobileEmulationEnabled: false, nativeEvents: true, networkConnectionEnabled: false, pageLoadStrategy: normal, platform: XP, platformName: XP, proxy: Proxy(), rotatable: false, setWindowRect: true, takesHeapSnapshot: true, takesScreenshot: true, timeouts: {implicit: 0, pageLoad: 300000, script: 30000}, unexpectedAlertBehaviour: ignore, unhandledPromptBehavior: ignore, version: 74.0.3729.169, webStorageEnabled: true}
Session ID: 2bb09ba3aec4acd1c720be80371902a3
at org.openqa.selenium.remote.ErrorHandler.createThrowable(ErrorHandler.java:214)
at org.openqa.selenium.remote.ErrorHandler.throwIfResponseFailed(ErrorHandler.java:166)
at org.openqa.selenium.remote.http.JsonHttpResponseCodec.reconstructValue(JsonHttpResponseCodec.java:40)
at org.openqa.selenium.remote.http.AbstractHttpResponseCodec.decode(AbstractHttpResponseCodec.java:80)
at org.openqa.selenium.remote.http.AbstractHttpResponseCodec.decode(AbstractHttpResponseCodec.java:44)
at org.openqa.selenium.remote.HttpCommandExecutor.execute(HttpCommandExecutor.java:158)
at org.openqa.selenium.remote.service.DriverCommandExecutor.execute(DriverCommandExecutor.java:83)
at org.openqa.selenium.remote.RemoteWebDriver.execute(RemoteWebDriver.java:552)
at org.openqa.selenium.remote.RemoteWebDriver.execute(RemoteWebDriver.java:609)
at org.openqa.selenium.remote.RemoteWebDriver.getTitle(RemoteWebDriver.java:281)
at NaveenPOM.testcases.testcasedeploymentpartone.Login(testcasedeploymentpartone.java:40)
at java.base/java.util.concurrent.ThreadPoolExecutor.runWorker(ThreadPoolExecutor.java:1128)
at java.base/java.util.concurrent.ThreadPoolExecutor$Worker.run(ThreadPoolExecutor.java:628)
at java.base/java.lang.Thread.run(Thread.java:834)
... Removed 14 stack frames]]>
    </failure>
  </testcase> <!-- Login -->
  <testcase classname="NaveenPOM.testcases.testcasedeploymenttwo" name="Login" time="0.0">
    <skipped/>
  </testcase> <!-- Login -->
  <testcase classname="NaveenPOM.testcases.testcasedeploymentpartone" name="adduser" time="0.0">
    <skipped/>
  </testcase> <!-- adduser -->
  <testcase classname="NaveenPOM.testcases.testcasedeploymenttwo" name="accounttestcase" time="0.0">
    <skipped/>
  </testcase> <!-- accounttestcase -->
  <testcase classname="NaveenPOM.testcases.testcasedeploymentpartone" name="addCase" time="0.0">
    <skipped/>
  </testcase> <!-- addCase -->
  <testcase classname="NaveenPOM.testcases.testcasedeploymenttwo" name="invoicetestcase" time="0.0">
    <skipped/>
  </testcase> <!-- invoicetestcase -->
  <testcase classname="NaveenPOM.testcases.testcasedeploymenttwo" name="exporttestcase" time="0.0">
    <skipped/>
  </testcase> <!-- exporttestcase -->
  <testcase classname="NaveenPOM.testcases.testcasedeploymenttwo" name="appearancetestcase" time="0.0">
    <skipped/>
  </testcase> <!-- appearancetestcase -->
  <testcase classname="NaveenPOM.testcases.testcasedeploymenttwo" name="maildropboxtest" time="0.0">
    <skipped/>
  </testcase> <!-- maildropboxtest -->
  <testcase classname="NaveenPOM.testcases.testcasedeploymenttwo" name="userstest" time="0.0">
    <skipped/>
  </testcase> <!-- userstest -->
  <testcase classname="NaveenPOM.testcases.testcasedeploymenttwo" name="opportunitiestest" time="0.0">
    <skipped/>
  </testcase> <!-- opportunitiestest -->
  <testcase classname="NaveenPOM.testcases.testcasedeploymenttwo" name="trackstestcase" time="0.0">
    <skipped/>
  </testcase> <!-- trackstestcase -->
  <testcase classname="NaveenPOM.testcases.testcasedeploymenttwo" name="taskcategorytestcase" time="0.0">
    <skipped/>
  </testcase> <!-- taskcategorytestcase -->
  <testcase classname="NaveenPOM.testcases.testcasedeploymenttwo" name="customfieldstestcase" time="0.0">
    <skipped/>
  </testcase> <!-- customfieldstestcase -->
  <testcase classname="NaveenPOM.testcases.testcasedeploymenttwo" name="tagstestcase" time="0.0">
    <skipped/>
  </testcase> <!-- tagstestcase -->
  <testcase classname="NaveenPOM.testcases.testcasedeploymenttwo" name="integrationstestcase" time="0.0">
    <skipped/>
  </testcase> <!-- integrationstestcase -->
  <testcase classname="NaveenPOM.testcases.testcasedeploymenttwo" name="trashtestcase" time="0.0">
    <skipped/>
  </testcase> <!-- trashtestcase -->
</testsuite> <!-- Testsample -->
