<?xml version="1.0" encoding="UTF-8"?>
<!-- Generated by org.testng.reporters.JUnitReportReporter -->
<testsuite hostname="KVM469-" failures="0" tests="15" name="NaveenPOM.testcases.testcasedeploymenttwo" time="24.041" errors="1" timestamp="09 Jun 2019 19:39:58 GMT" skipped="14">
  <testcase classname="NaveenPOM.testcases.testcasedeploymenttwo" name="startbrowser" time="24.041">
    <error message="chrome not reachable
  (Session info: chrome=74.0.3729.169)
  (Driver info: chromedriver=72.0.3626.69 (3c16f8a135abc0d4da2dff33804db79b849a7c38),platform=Windows NT 6.1.7601 SP1 x86_64) (WARNING: The server did not provide any stacktrace information)
Command duration or timeout: 0 milliseconds
Build info: version: &#039;3.141.59&#039;, revision: &#039;e82be7d358&#039;, time: &#039;2018-11-14T08:25:48&#039;
System info: host: &#039;KVM469-&#039;, ip: &#039;192.168.122.203&#039;, os.name: &#039;Windows 7&#039;, os.arch: &#039;amd64&#039;, os.version: &#039;6.1&#039;, java.version: &#039;11.0.2&#039;
Driver info: org.openqa.selenium.chrome.ChromeDriver
Capabilities {acceptInsecureCerts: false, acceptSslCerts: false, applicationCacheEnabled: false, browserConnectionEnabled: false, browserName: chrome, chrome: {chromedriverVersion: 72.0.3626.69 (3c16f8a135abc..., userDataDir: C:\Users\IBM_AD~1\AppData\L...}, cssSelectorsEnabled: true, databaseEnabled: false, goog:chromeOptions: {debuggerAddress: localhost:49762}, handlesAlerts: true, hasTouchScreen: false, javascriptEnabled: true, locationContextEnabled: true, mobileEmulationEnabled: false, nativeEvents: true, networkConnectionEnabled: false, pageLoadStrategy: normal, platform: XP, platformName: XP, proxy: Proxy(), rotatable: false, setWindowRect: true, takesHeapSnapshot: true, takesScreenshot: true, timeouts: {implicit: 0, pageLoad: 300000, script: 30000}, unexpectedAlertBehaviour: ignore, unhandledPromptBehavior: ignore, version: 74.0.3729.169, webStorageEnabled: true}
Session ID: 15d6615f4149b4c90dde0aca4d0de56b" type="org.openqa.selenium.WebDriverException">
      <![CDATA[org.openqa.selenium.WebDriverException: chrome not reachable
  (Session info: chrome=74.0.3729.169)
  (Driver info: chromedriver=72.0.3626.69 (3c16f8a135abc0d4da2dff33804db79b849a7c38),platform=Windows NT 6.1.7601 SP1 x86_64) (WARNING: The server did not provide any stacktrace information)
Command duration or timeout: 0 milliseconds
Build info: version: '3.141.59', revision: 'e82be7d358', time: '2018-11-14T08:25:48'
System info: host: 'KVM469-', ip: '192.168.122.203', os.name: 'Windows 7', os.arch: 'amd64', os.version: '6.1', java.version: '11.0.2'
Driver info: org.openqa.selenium.chrome.ChromeDriver
Capabilities {acceptInsecureCerts: false, acceptSslCerts: false, applicationCacheEnabled: false, browserConnectionEnabled: false, browserName: chrome, chrome: {chromedriverVersion: 72.0.3626.69 (3c16f8a135abc..., userDataDir: C:\Users\IBM_AD~1\AppData\L...}, cssSelectorsEnabled: true, databaseEnabled: false, goog:chromeOptions: {debuggerAddress: localhost:49762}, handlesAlerts: true, hasTouchScreen: false, javascriptEnabled: true, locationContextEnabled: true, mobileEmulationEnabled: false, nativeEvents: true, networkConnectionEnabled: false, pageLoadStrategy: normal, platform: XP, platformName: XP, proxy: Proxy(), rotatable: false, setWindowRect: true, takesHeapSnapshot: true, takesScreenshot: true, timeouts: {implicit: 0, pageLoad: 300000, script: 30000}, unexpectedAlertBehaviour: ignore, unhandledPromptBehavior: ignore, version: 74.0.3729.169, webStorageEnabled: true}
Session ID: 15d6615f4149b4c90dde0aca4d0de56b
at java.base/jdk.internal.reflect.NativeConstructorAccessorImpl.newInstance0(Native Method)
at java.base/jdk.internal.reflect.NativeConstructorAccessorImpl.newInstance(NativeConstructorAccessorImpl.java:62)
at java.base/jdk.internal.reflect.DelegatingConstructorAccessorImpl.newInstance(DelegatingConstructorAccessorImpl.java:45)
at java.base/java.lang.reflect.Constructor.newInstance(Constructor.java:490)
at org.openqa.selenium.remote.ErrorHandler.createThrowable(ErrorHandler.java:214)
at org.openqa.selenium.remote.ErrorHandler.throwIfResponseFailed(ErrorHandler.java:166)
at org.openqa.selenium.remote.http.JsonHttpResponseCodec.reconstructValue(JsonHttpResponseCodec.java:40)
at org.openqa.selenium.remote.http.AbstractHttpResponseCodec.decode(AbstractHttpResponseCodec.java:80)
at org.openqa.selenium.remote.http.AbstractHttpResponseCodec.decode(AbstractHttpResponseCodec.java:44)
at org.openqa.selenium.remote.HttpCommandExecutor.execute(HttpCommandExecutor.java:158)
at org.openqa.selenium.remote.service.DriverCommandExecutor.execute(DriverCommandExecutor.java:83)
at org.openqa.selenium.remote.RemoteWebDriver.execute(RemoteWebDriver.java:552)
at org.openqa.selenium.remote.RemoteWebDriver.execute(RemoteWebDriver.java:609)
at org.openqa.selenium.remote.RemoteWebDriver$RemoteWebDriverOptions$RemoteWindow.maximize(RemoteWebDriver.java:837)
at NaveenPOM.baseactions.browserbase.launch(browserbase.java:24)
at NaveenPOM.testcases.testcasedeploymenttwo.startbrowser(testcasedeploymenttwo.java:40)
at java.base/jdk.internal.reflect.NativeMethodAccessorImpl.invoke0(Native Method)
at java.base/jdk.internal.reflect.NativeMethodAccessorImpl.invoke(NativeMethodAccessorImpl.java:62)
at java.base/jdk.internal.reflect.DelegatingMethodAccessorImpl.invoke(DelegatingMethodAccessorImpl.java:43)
at java.base/java.lang.reflect.Method.invoke(Method.java:566)
at org.testng.internal.MethodInvocationHelper.invokeMethod(MethodInvocationHelper.java:124)
at org.testng.internal.MethodInvocationHelper.invokeMethodConsideringTimeout(MethodInvocationHelper.java:59)
at org.testng.internal.Invoker.invokeConfigurationMethod(Invoker.java:458)
at org.testng.internal.Invoker.invokeConfigurations(Invoker.java:222)
at org.testng.internal.Invoker.invokeConfigurations(Invoker.java:142)
at org.testng.internal.TestMethodWorker.invokeBeforeClassMethods(TestMethodWorker.java:168)
at org.testng.internal.TestMethodWorker.run(TestMethodWorker.java:105)
at java.base/java.util.concurrent.ThreadPoolExecutor.runWorker(ThreadPoolExecutor.java:1128)
at java.base/java.util.concurrent.ThreadPoolExecutor$Worker.run(ThreadPoolExecutor.java:628)
at java.base/java.lang.Thread.run(Thread.java:834)
]]>
    </error>
  </testcase> <!-- startbrowser -->
  <testcase classname="NaveenPOM.testcases.testcasedeploymenttwo" name="Login" time="0.000">
    <skipped/>
  </testcase> <!-- Login -->
  <testcase classname="NaveenPOM.testcases.testcasedeploymenttwo" name="accounttestcase" time="0.000">
    <skipped/>
  </testcase> <!-- accounttestcase -->
  <testcase classname="NaveenPOM.testcases.testcasedeploymenttwo" name="invoicetestcase" time="0.000">
    <skipped/>
  </testcase> <!-- invoicetestcase -->
  <testcase classname="NaveenPOM.testcases.testcasedeploymenttwo" name="exporttestcase" time="0.000">
    <skipped/>
  </testcase> <!-- exporttestcase -->
  <testcase classname="NaveenPOM.testcases.testcasedeploymenttwo" name="appearancetestcase" time="0.000">
    <skipped/>
  </testcase> <!-- appearancetestcase -->
  <testcase classname="NaveenPOM.testcases.testcasedeploymenttwo" name="maildropboxtest" time="0.000">
    <skipped/>
  </testcase> <!-- maildropboxtest -->
  <testcase classname="NaveenPOM.testcases.testcasedeploymenttwo" name="userstest" time="0.000">
    <skipped/>
  </testcase> <!-- userstest -->
  <testcase classname="NaveenPOM.testcases.testcasedeploymenttwo" name="opportunitiestest" time="0.000">
    <skipped/>
  </testcase> <!-- opportunitiestest -->
  <testcase classname="NaveenPOM.testcases.testcasedeploymenttwo" name="trackstestcase" time="0.000">
    <skipped/>
  </testcase> <!-- trackstestcase -->
  <testcase classname="NaveenPOM.testcases.testcasedeploymenttwo" name="taskcategorytestcase" time="0.000">
    <skipped/>
  </testcase> <!-- taskcategorytestcase -->
  <testcase classname="NaveenPOM.testcases.testcasedeploymenttwo" name="customfieldstestcase" time="0.000">
    <skipped/>
  </testcase> <!-- customfieldstestcase -->
  <testcase classname="NaveenPOM.testcases.testcasedeploymenttwo" name="tagstestcase" time="0.000">
    <skipped/>
  </testcase> <!-- tagstestcase -->
  <testcase classname="NaveenPOM.testcases.testcasedeploymenttwo" name="integrationstestcase" time="0.000">
    <skipped/>
  </testcase> <!-- integrationstestcase -->
  <testcase classname="NaveenPOM.testcases.testcasedeploymenttwo" name="trashtestcase" time="0.000">
    <skipped/>
  </testcase> <!-- trashtestcase -->
</testsuite> <!-- NaveenPOM.testcases.testcasedeploymenttwo -->
